<?xml version="1.0" encoding="UTF-8"?>
<testng-results ignored="0" total="1" passed="1" failed="0" skipped="0">
  <reporter-output>
  </reporter-output>
  <suite started-at="2025-09-23T00:29:48 CST" name="Default suite" finished-at="2025-09-23T00:29:50 CST" duration-ms="2178">
    <groups>
    </groups>
    <test started-at="2025-09-23T00:29:48 CST" name="Default test" finished-at="2025-09-23T00:29:50 CST" duration-ms="2178">
      <class name="tests.MostCheapProducts">
        <test-method is-config="true" signature="setUp()[pri:0, instance:tests.MostCheapProducts@618b19ad]" started-at="2025-09-23T00:29:48 CST" name="setUp" finished-at="2025-09-23T00:29:49 CST" duration-ms="1511" status="PASS">
          <reporter-output>
          </reporter-output>
        </test-method> <!-- setUp -->
        <test-method signature="agregarTresProductosMasBaratosTest()[pri:0, instance:tests.MostCheapProducts@618b19ad]" started-at="2025-09-23T00:29:49 CST" name="agregarTresProductosMasBaratosTest" finished-at="2025-09-23T00:29:50 CST" duration-ms="633" status="PASS">
          <reporter-output>
          </reporter-output>
        </test-method> <!-- agregarTresProductosMasBaratosTest -->
      </class> <!-- tests.MostCheapProducts -->
    </test> <!-- Default test -->
  </suite> <!-- Default suite -->
</testng-results>
